[debug] [2021-09-28T09:15:09.382Z] ----------------------------------------------------------------------
[debug] [2021-09-28T09:15:09.383Z] Command:       /usr/local/bin/node /usr/local/bin/firebase init
[debug] [2021-09-28T09:15:09.383Z] CLI Version:   9.16.0
[debug] [2021-09-28T09:15:09.383Z] Platform:      darwin
[debug] [2021-09-28T09:15:09.383Z] Node Version:  v14.16.1
[debug] [2021-09-28T09:15:09.387Z] Time:          Tue Sep 28 2021 12:15:09 GMT+0300 (GMT+03:00)
[debug] [2021-09-28T09:15:09.387Z] ----------------------------------------------------------------------
[debug] 
[debug] [2021-09-28T09:15:09.392Z] >>> [apiv2][query] GET https://firebase-public.firebaseio.com/cli.json [none]
[debug] [2021-09-28T09:15:09.449Z] > command requires scopes: ["email","openid","https://www.googleapis.com/auth/cloudplatformprojects.readonly","https://www.googleapis.com/auth/firebase","https://www.googleapis.com/auth/cloud-platform"]
[debug] [2021-09-28T09:15:09.449Z] > authorizing via signed-in user (saidyahyakaban@gmail.com)
[info] 
     ######## #### ########  ######## ########     ###     ######  ########
     ##        ##  ##     ## ##       ##     ##  ##   ##  ##       ##
     ######    ##  ########  ######   ########  #########  ######  ######
     ##        ##  ##    ##  ##       ##     ## ##     ##       ## ##
     ##       #### ##     ## ######## ########  ##     ##  ######  ########

You're about to initialize a Firebase project in this directory:

  /Users/saidkaban/Desktop/code/Portfolio/dictionary-app

Before we get started, keep in mind:

  * You are initializing within an existing Firebase project directory

[debug] [2021-09-28T09:15:10.521Z] <<< [apiv2][status] GET https://firebase-public.firebaseio.com/cli.json 200
[debug] [2021-09-28T09:15:10.522Z] <<< [apiv2][body] GET https://firebase-public.firebaseio.com/cli.json {"cloudBuildErrorAfter":1594252800000,"cloudBuildWarnAfter":1590019200000,"defaultNode10After":1594252800000,"minVersion":"3.0.5","node8DeploysDisabledAfter":1613390400000,"node8RuntimeDisabledAfter":1615809600000,"node8WarnAfter":1600128000000}
[info] 
=== Project Setup
[info] 
[info] First, let's associate this project directory with a Firebase project.
[info] You can create multiple project aliases by running firebase use --add, 
[info] but for now we'll just set up a default project.
[info] 
[info] i  .firebaserc already has a default project, using dictionary-app-4da4d. 
[debug] [2021-09-28T09:15:13.733Z] > refreshing access token with scopes: []
[debug] [2021-09-28T09:15:13.734Z] >>> HTTP REQUEST POST https://www.googleapis.com/oauth2/v3/token  
 <request body omitted>
[debug] [2021-09-28T09:15:14.003Z] <<< HTTP RESPONSE 200 {"pragma":"no-cache","cache-control":"no-cache, no-store, max-age=0, must-revalidate","expires":"Mon, 01 Jan 1990 00:00:00 GMT","date":"Tue, 28 Sep 2021 09:15:14 GMT","content-type":"application/json; charset=utf-8","vary":"X-Origin, Referer, Origin,Accept-Encoding","server":"scaffolding on HTTPServer2","x-xss-protection":"0","x-frame-options":"SAMEORIGIN","x-content-type-options":"nosniff","alt-svc":"h3=\":443\"; ma=2592000,h3-29=\":443\"; ma=2592000,h3-T051=\":443\"; ma=2592000,h3-Q050=\":443\"; ma=2592000,h3-Q046=\":443\"; ma=2592000,h3-Q043=\":443\"; ma=2592000,quic=\":443\"; ma=2592000; v=\"46,43\"","accept-ranges":"none","transfer-encoding":"chunked"}
[debug] [2021-09-28T09:15:14.050Z] >>> [apiv2][query] GET https://firebase.googleapis.com/v1beta1/projects/dictionary-app-4da4d [none]
[debug] [2021-09-28T09:15:14.550Z] <<< [apiv2][status] GET https://firebase.googleapis.com/v1beta1/projects/dictionary-app-4da4d 200
[debug] [2021-09-28T09:15:14.550Z] <<< [apiv2][body] GET https://firebase.googleapis.com/v1beta1/projects/dictionary-app-4da4d {"projectId":"dictionary-app-4da4d","projectNumber":"417919787447","displayName":"dictionary-app","name":"projects/dictionary-app-4da4d","resources":{"hostingSite":"dictionary-app-4da4d"},"state":"ACTIVE"}
[info] 
=== Hosting:github Setup
[info] 
[info] i  Detected a .git folder at /Users/saidkaban/Desktop/code/Portfolio/dictionary-app 
[info] i  Authorizing with GitHub to upload your service account to a GitHub repository's secrets store. 
[info] 
[info] Visit this URL on this device to log in:
[info] https://github.com/login/oauth/authorize?client_id=89cf50f02ac6aaed3484&state=75812411&redirect_uri=http%3A%2F%2Flocalhost%3A9005&scope=read%3Auser%20repo%20public_repo
[info] 
[info] Waiting for authentication...
